D, [2015-07-14T21:47:16.342303 #18362] DEBUG -- :   [1m[36mActiveRecord::SchemaMigration Load (0.5ms)[0m  [1mSELECT `schema_migrations`.* FROM `schema_migrations`[0m
D, [2015-07-14T21:48:56.307040 #18395] DEBUG -- :   [1m[36mActiveRecord::SchemaMigration Load (0.3ms)[0m  [1mSELECT `schema_migrations`.* FROM `schema_migrations`[0m
D, [2015-07-14T21:55:04.437194 #18467] DEBUG -- :   [1m[36mActiveRecord::SchemaMigration Load (0.5ms)[0m  [1mSELECT `schema_migrations`.* FROM `schema_migrations`[0m
D, [2015-07-14T21:55:04.680330 #18467] DEBUG -- :   [1m[35mActiveRecord::SchemaMigration Load (0.6ms)[0m  SELECT `schema_migrations`.* FROM `schema_migrations`
D, [2015-07-14T21:55:04.922564 #18467] DEBUG -- :   [1m[36mActiveRecord::SchemaMigration Load (0.6ms)[0m  [1mSELECT `schema_migrations`.* FROM `schema_migrations`[0m
I, [2015-07-14T21:55:05.138833 #18467]  INFO -- : Migrating to CreateActionController500Loggers (7)
E, [2015-07-14T21:55:05.247401 #18467] ERROR -- : Mysql2::Error: Table 'redmine_development.action_controller_500_loggers' doesn't exist: SHOW KEYS FROM `action_controller_500_loggers`
D, [2015-07-14T21:55:46.750474 #18483] DEBUG -- :   [1m[36mActiveRecord::SchemaMigration Load (0.3ms)[0m  [1mSELECT `schema_migrations`.* FROM `schema_migrations`[0m
D, [2015-07-14T21:55:46.778880 #18483] DEBUG -- :   [1m[35mActiveRecord::SchemaMigration Load (1.5ms)[0m  SELECT `schema_migrations`.* FROM `schema_migrations`
D, [2015-07-14T21:55:46.799377 #18483] DEBUG -- :   [1m[36mActiveRecord::SchemaMigration Load (0.2ms)[0m  [1mSELECT `schema_migrations`.* FROM `schema_migrations`[0m
I, [2015-07-14T21:55:46.810881 #18483]  INFO -- : Migrating to CreateActionController500Loggers (7)
E, [2015-07-14T21:55:46.817824 #18483] ERROR -- : Mysql2::Error: Table 'redmine_development.action_controller_500_loggers' doesn't exist: SHOW KEYS FROM `action_controller_500_loggers`
D, [2015-07-14T21:57:48.633097 #18522] DEBUG -- :   [1m[36mActiveRecord::SchemaMigration Load (43.9ms)[0m  [1mSELECT `schema_migrations`.* FROM `schema_migrations`[0m
D, [2015-07-14T21:57:48.657976 #18522] DEBUG -- :   [1m[35mActiveRecord::SchemaMigration Load (0.2ms)[0m  SELECT `schema_migrations`.* FROM `schema_migrations`
D, [2015-07-14T21:57:48.673899 #18522] DEBUG -- :   [1m[36mActiveRecord::SchemaMigration Load (0.2ms)[0m  [1mSELECT `schema_migrations`.* FROM `schema_migrations`[0m
I, [2015-07-14T21:57:48.685575 #18522]  INFO -- : Migrating to CreateActionController500Loggers (7)
E, [2015-07-14T21:57:48.691580 #18522] ERROR -- : Mysql2::Error: Table 'redmine_test.action_controller_500_loggers' doesn't exist: SHOW KEYS FROM `action_controller_500_loggers`
D, [2015-07-14T22:05:14.740372 #18623] DEBUG -- :   [1m[36mActiveRecord::SchemaMigration Load (0.2ms)[0m  [1mSELECT `schema_migrations`.* FROM `schema_migrations`[0m
D, [2015-07-14T22:05:14.763045 #18623] DEBUG -- :   [1m[35mActiveRecord::SchemaMigration Load (0.2ms)[0m  SELECT `schema_migrations`.* FROM `schema_migrations`
D, [2015-07-14T22:05:14.778228 #18623] DEBUG -- :   [1m[36mActiveRecord::SchemaMigration Load (0.2ms)[0m  [1mSELECT `schema_migrations`.* FROM `schema_migrations`[0m
I, [2015-07-14T22:05:14.790829 #18623]  INFO -- : Migrating to CreateActionController500Loggers (7)
E, [2015-07-14T22:05:14.797352 #18623] ERROR -- : Mysql2::Error: Table 'redmine_test.action_controller_500_loggers' doesn't exist: SHOW KEYS FROM `action_controller_500_loggers`
D, [2015-07-14T22:05:38.142583 #18665] DEBUG -- :   [1m[36mActiveRecord::SchemaMigration Load (0.3ms)[0m  [1mSELECT `schema_migrations`.* FROM `schema_migrations`[0m
D, [2015-07-14T22:05:50.104887 #18675] DEBUG -- :   [1m[36mActiveRecord::SchemaMigration Load (0.3ms)[0m  [1mSELECT `schema_migrations`.* FROM `schema_migrations`[0m
D, [2015-07-14T22:05:50.133479 #18675] DEBUG -- :   [1m[35mActiveRecord::SchemaMigration Load (0.2ms)[0m  SELECT `schema_migrations`.* FROM `schema_migrations`
D, [2015-07-14T22:05:50.148225 #18675] DEBUG -- :   [1m[36mActiveRecord::SchemaMigration Load (0.2ms)[0m  [1mSELECT `schema_migrations`.* FROM `schema_migrations`[0m
I, [2015-07-14T22:05:50.159902 #18675]  INFO -- : Migrating to CreateActionController500Loggers (7)
E, [2015-07-14T22:05:50.167036 #18675] ERROR -- : Mysql2::Error: Table 'redmine_test.action_controller_500_loggers' doesn't exist: SHOW KEYS FROM `action_controller_500_loggers`
D, [2015-07-14T22:13:39.776434 #18766] DEBUG -- :   [1m[36mActiveRecord::SchemaMigration Load (0.3ms)[0m  [1mSELECT `schema_migrations`.* FROM `schema_migrations`[0m
D, [2015-07-14T22:13:39.800556 #18766] DEBUG -- :   [1m[35mActiveRecord::SchemaMigration Load (0.2ms)[0m  SELECT `schema_migrations`.* FROM `schema_migrations`
D, [2015-07-14T22:14:10.569597 #18782] DEBUG -- :   [1m[36mActiveRecord::SchemaMigration Load (3.7ms)[0m  [1mSELECT `schema_migrations`.* FROM `schema_migrations`[0m
D, [2015-07-14T22:14:10.593693 #18782] DEBUG -- :   [1m[35mActiveRecord::SchemaMigration Load (0.2ms)[0m  SELECT `schema_migrations`.* FROM `schema_migrations`
D, [2015-07-14T22:14:16.201500 #18791] DEBUG -- :   [1m[36mActiveRecord::SchemaMigration Load (0.3ms)[0m  [1mSELECT `schema_migrations`.* FROM `schema_migrations`[0m
D, [2015-07-14T22:14:16.225685 #18791] DEBUG -- :   [1m[35mActiveRecord::SchemaMigration Load (0.2ms)[0m  SELECT `schema_migrations`.* FROM `schema_migrations`
D, [2015-07-14T22:19:23.047094 #18841] DEBUG -- :   [1m[36mActiveRecord::SchemaMigration Load (0.2ms)[0m  [1mSELECT `schema_migrations`.* FROM `schema_migrations`[0m
D, [2015-07-14T22:19:23.071763 #18841] DEBUG -- :   [1m[35mActiveRecord::SchemaMigration Load (0.2ms)[0m  SELECT `schema_migrations`.* FROM `schema_migrations`
D, [2015-07-14T22:19:23.086646 #18841] DEBUG -- :   [1m[36mActiveRecord::SchemaMigration Load (0.3ms)[0m  [1mSELECT `schema_migrations`.* FROM `schema_migrations`[0m
I, [2015-07-14T22:19:23.098443 #18841]  INFO -- : Migrating to CreateActionController500Loggers (7)
E, [2015-07-14T22:19:23.105142 #18841] ERROR -- : Mysql2::Error: Table 'redmine_test.action_controller_500_loggers' doesn't exist: SHOW KEYS FROM `action_controller_500_loggers`
D, [2015-07-14T22:19:51.661598 #18877] DEBUG -- :   [1m[36mActiveRecord::SchemaMigration Load (0.3ms)[0m  [1mSELECT `schema_migrations`.* FROM `schema_migrations`[0m
D, [2015-07-14T22:19:51.685998 #18877] DEBUG -- :   [1m[35mActiveRecord::SchemaMigration Load (0.2ms)[0m  SELECT `schema_migrations`.* FROM `schema_migrations`
D, [2015-07-14T22:19:51.701414 #18877] DEBUG -- :   [1m[36mActiveRecord::SchemaMigration Load (0.2ms)[0m  [1mSELECT `schema_migrations`.* FROM `schema_migrations`[0m
I, [2015-07-14T22:19:51.713064 #18877]  INFO -- : Migrating to CreateActionController500Loggers (7)
D, [2015-07-14T22:19:51.718915 #18877] DEBUG -- :   [1m[35m (0.6ms)[0m  DROP TABLE `action_controller_500_loggers`
E, [2015-07-14T22:19:51.719038 #18877] ERROR -- : Mysql2::Error: Unknown table 'action_controller_500_loggers': DROP TABLE `action_controller_500_loggers`
D, [2015-07-14T22:21:48.665943 #18890] DEBUG -- :   [1m[36mActiveRecord::SchemaMigration Load (0.3ms)[0m  [1mSELECT `schema_migrations`.* FROM `schema_migrations`[0m
D, [2015-07-14T22:27:48.990529 #18934] DEBUG -- :   [1m[36m (265.0ms)[0m  [1mCREATE TABLE `action_controller_500_loggers` (`id` int(11) auto_increment PRIMARY KEY, `transaction_id` varchar(255), `current_user` varchar(255) DEFAULT '', `controller` varchar(255), `action` varchar(255), `status` smallint DEFAULT 0, `payload` text, `start_time` datetime, `end_time` datetime, `view_runtime` FLOAT UNSIGNED, `db_runtime` FLOAT UNSIGNED, `duration` FLOAT UNSIGNED) ENGINE=InnoDB[0m
D, [2015-07-14T22:27:49.170153 #18934] DEBUG -- :   [1m[35m (177.2ms)[0m  CREATE  INDEX `index_action_controller_500_loggers_on_transaction_id`  ON `action_controller_500_loggers` (`transaction_id`) 
D, [2015-07-14T22:29:33.686880 #18934] DEBUG -- :   [1m[36mActiveRecord::SchemaMigration Load (0.3ms)[0m  [1mSELECT `schema_migrations`.* FROM `schema_migrations`[0m
D, [2015-07-14T22:32:40.683828 #18934] DEBUG -- :   [1m[35m (114.4ms)[0m  DROP TABLE `action_controller_500_loggers`
D, [2015-07-14T22:34:12.321651 #18934] DEBUG -- :   [1m[36mActiveRecord::SchemaMigration Load (0.3ms)[0m  [1mSELECT `schema_migrations`.* FROM `schema_migrations`[0m
D, [2015-07-14T22:34:41.101413 #21483] DEBUG -- :   [1m[36mActiveRecord::SchemaMigration Load (0.2ms)[0m  [1mSELECT `schema_migrations`.* FROM `schema_migrations`[0m
D, [2015-07-14T22:34:54.846549 #21492] DEBUG -- :   [1m[36mActiveRecord::SchemaMigration Load (0.2ms)[0m  [1mSELECT `schema_migrations`.* FROM `schema_migrations`[0m
D, [2015-07-14T22:35:07.644651 #21509] DEBUG -- :   [1m[36mActiveRecord::SchemaMigration Load (0.2ms)[0m  [1mSELECT `schema_migrations`.* FROM `schema_migrations`[0m
D, [2015-07-14T22:39:10.293628 #21567] DEBUG -- :   [1m[36mActiveRecord::SchemaMigration Load (0.3ms)[0m  [1mSELECT `schema_migrations`.* FROM `schema_migrations`[0m
D, [2015-07-14T22:39:10.316022 #21567] DEBUG -- :   [1m[35mActiveRecord::SchemaMigration Load (0.2ms)[0m  SELECT `schema_migrations`.* FROM `schema_migrations`
D, [2015-07-14T22:39:10.329926 #21567] DEBUG -- :   [1m[36mActiveRecord::SchemaMigration Load (0.2ms)[0m  [1mSELECT `schema_migrations`.* FROM `schema_migrations`[0m
I, [2015-07-14T22:39:10.340600 #21567]  INFO -- : Migrating to CreateActionController500Loggers (7)
E, [2015-07-14T22:39:10.346319 #21567] ERROR -- : Mysql2::Error: Table 'redmine_test.action_controller_500_loggers' doesn't exist: SHOW KEYS FROM `action_controller_500_loggers`
D, [2015-07-14T22:40:01.988166 #21628] DEBUG -- :   [1m[36mActiveRecord::SchemaMigration Load (0.3ms)[0m  [1mSELECT `schema_migrations`.* FROM `schema_migrations`[0m
D, [2015-07-14T22:40:02.010541 #21628] DEBUG -- :   [1m[35mActiveRecord::SchemaMigration Load (0.2ms)[0m  SELECT `schema_migrations`.* FROM `schema_migrations`
D, [2015-07-14T22:40:02.024499 #21628] DEBUG -- :   [1m[36mActiveRecord::SchemaMigration Load (0.2ms)[0m  [1mSELECT `schema_migrations`.* FROM `schema_migrations`[0m
I, [2015-07-14T22:40:02.035192 #21628]  INFO -- : Migrating to CreateActionController500Loggers (7)
D, [2015-07-14T22:40:02.037063 #21628] DEBUG -- :   [1m[35m (0.6ms)[0m  DROP TABLE `action_controller_500_loggers`
E, [2015-07-14T22:40:02.037178 #21628] ERROR -- : Mysql2::Error: Unknown table 'action_controller_500_loggers': DROP TABLE `action_controller_500_loggers`
D, [2015-07-14T22:40:43.535065 #21770] DEBUG -- :   [1m[36mActiveRecord::SchemaMigration Load (0.3ms)[0m  [1mSELECT `schema_migrations`.* FROM `schema_migrations`[0m
D, [2015-07-14T22:40:43.557362 #21770] DEBUG -- :   [1m[35mActiveRecord::SchemaMigration Load (0.2ms)[0m  SELECT `schema_migrations`.* FROM `schema_migrations`
D, [2015-07-14T22:40:43.571188 #21770] DEBUG -- :   [1m[36mActiveRecord::SchemaMigration Load (0.2ms)[0m  [1mSELECT `schema_migrations`.* FROM `schema_migrations`[0m
I, [2015-07-14T22:40:43.581867 #21770]  INFO -- : Migrating to CreateActionController400Loggers (6)
E, [2015-07-14T22:40:43.587458 #21770] ERROR -- : Mysql2::Error: Table 'redmine_test.action_controller_400_loggers' doesn't exist: SHOW KEYS FROM `action_controller_400_loggers`
D, [2015-07-14T22:41:32.422626 #21803] DEBUG -- :   [1m[36mActiveRecord::SchemaMigration Load (0.2ms)[0m  [1mSELECT `schema_migrations`.* FROM `schema_migrations`[0m
D, [2015-07-14T22:41:32.445132 #21803] DEBUG -- :   [1m[35mActiveRecord::SchemaMigration Load (0.2ms)[0m  SELECT `schema_migrations`.* FROM `schema_migrations`
D, [2015-07-14T22:41:32.459200 #21803] DEBUG -- :   [1m[36mActiveRecord::SchemaMigration Load (0.2ms)[0m  [1mSELECT `schema_migrations`.* FROM `schema_migrations`[0m
I, [2015-07-14T22:41:32.470057 #21803]  INFO -- : Migrating to CreateActionController500Loggers (7)
E, [2015-07-14T22:41:32.475799 #21803] ERROR -- : Mysql2::Error: Table 'redmine_test.action_controller_500_loggers' doesn't exist: SHOW KEYS FROM `action_controller_500_loggers`
D, [2015-07-14T22:42:27.286915 #21894] DEBUG -- :   [1m[36mActiveRecord::SchemaMigration Load (0.3ms)[0m  [1mSELECT `schema_migrations`.* FROM `schema_migrations`[0m
D, [2015-07-14T22:42:27.310068 #21894] DEBUG -- :   [1m[35mActiveRecord::SchemaMigration Load (0.2ms)[0m  SELECT `schema_migrations`.* FROM `schema_migrations`
D, [2015-07-14T22:42:27.324078 #21894] DEBUG -- :   [1m[36mActiveRecord::SchemaMigration Load (0.2ms)[0m  [1mSELECT `schema_migrations`.* FROM `schema_migrations`[0m
I, [2015-07-14T22:42:27.334988 #21894]  INFO -- : Migrating to CreateActionController500Loggers (7)
E, [2015-07-14T22:42:27.340640 #21894] ERROR -- : Mysql2::Error: Table 'redmine_test.action_controller_500_loggers' doesn't exist: SHOW KEYS FROM `action_controller_500_loggers`
D, [2015-07-14T22:46:26.623873 #22081] DEBUG -- :   [1m[36mActiveRecord::SchemaMigration Load (0.3ms)[0m  [1mSELECT `schema_migrations`.* FROM `schema_migrations`[0m
D, [2015-07-14T22:46:26.646158 #22081] DEBUG -- :   [1m[35mActiveRecord::SchemaMigration Load (0.2ms)[0m  SELECT `schema_migrations`.* FROM `schema_migrations`
D, [2015-07-14T22:46:26.660145 #22081] DEBUG -- :   [1m[36mActiveRecord::SchemaMigration Load (0.2ms)[0m  [1mSELECT `schema_migrations`.* FROM `schema_migrations`[0m
I, [2015-07-14T22:46:26.670943 #22081]  INFO -- : Migrating to CreateActionController500Loggers (7)
E, [2015-07-14T22:46:26.676537 #22081] ERROR -- : Mysql2::Error: Table 'redmine_test.action_controller_500_loggers' doesn't exist: SHOW KEYS FROM `action_controller_500_loggers`
D, [2015-07-14T22:50:24.772889 #22366] DEBUG -- :   [1m[36mActiveRecord::SchemaMigration Load (0.3ms)[0m  [1mSELECT `schema_migrations`.* FROM `schema_migrations`[0m
D, [2015-07-14T22:50:24.796685 #22366] DEBUG -- :   [1m[35mActiveRecord::SchemaMigration Load (0.2ms)[0m  SELECT `schema_migrations`.* FROM `schema_migrations`
D, [2015-07-14T22:50:24.810486 #22366] DEBUG -- :   [1m[36mActiveRecord::SchemaMigration Load (0.2ms)[0m  [1mSELECT `schema_migrations`.* FROM `schema_migrations`[0m
I, [2015-07-14T22:50:24.821211 #22366]  INFO -- : Migrating to CreateActionController500Loggers (7)
E, [2015-07-14T22:50:24.826797 #22366] ERROR -- : Mysql2::Error: Table 'redmine_test.action_controller_500_loggers' doesn't exist: SHOW KEYS FROM `action_controller_500_loggers`
D, [2015-07-14T22:50:36.989648 #22402] DEBUG -- :   [1m[36mActiveRecord::SchemaMigration Load (0.3ms)[0m  [1mSELECT `schema_migrations`.* FROM `schema_migrations`[0m
D, [2015-07-14T22:50:37.011972 #22402] DEBUG -- :   [1m[35mActiveRecord::SchemaMigration Load (0.2ms)[0m  SELECT `schema_migrations`.* FROM `schema_migrations`
D, [2015-07-14T22:50:37.025864 #22402] DEBUG -- :   [1m[36mActiveRecord::SchemaMigration Load (0.2ms)[0m  [1mSELECT `schema_migrations`.* FROM `schema_migrations`[0m
I, [2015-07-14T22:50:37.036586 #22402]  INFO -- : Migrating to CreateActionController500Loggers (7)
E, [2015-07-14T22:50:37.042173 #22402] ERROR -- : Mysql2::Error: Table 'redmine_test.action_controller_500_loggers' doesn't exist: SHOW KEYS FROM `action_controller_500_loggers`
D, [2015-07-14T22:51:14.925295 #22420] DEBUG -- :   [1m[36mActiveRecord::SchemaMigration Load (0.3ms)[0m  [1mSELECT `schema_migrations`.* FROM `schema_migrations`[0m
D, [2015-07-14T22:51:14.947715 #22420] DEBUG -- :   [1m[35mActiveRecord::SchemaMigration Load (0.2ms)[0m  SELECT `schema_migrations`.* FROM `schema_migrations`
D, [2015-07-14T22:51:14.961666 #22420] DEBUG -- :   [1m[36mActiveRecord::SchemaMigration Load (0.2ms)[0m  [1mSELECT `schema_migrations`.* FROM `schema_migrations`[0m
I, [2015-07-14T22:51:14.972555 #22420]  INFO -- : Migrating to CreateActionController500Loggers (7)
E, [2015-07-14T22:51:14.978148 #22420] ERROR -- : Mysql2::Error: Table 'redmine_test.action_controller_500_loggers' doesn't exist: SHOW KEYS FROM `action_controller_500_loggers`
D, [2015-07-14T22:52:13.057965 #22501] DEBUG -- :   [1m[36mActiveRecord::SchemaMigration Load (0.3ms)[0m  [1mSELECT `schema_migrations`.* FROM `schema_migrations`[0m
D, [2015-07-14T22:52:13.080461 #22501] DEBUG -- :   [1m[35mActiveRecord::SchemaMigration Load (0.2ms)[0m  SELECT `schema_migrations`.* FROM `schema_migrations`
D, [2015-07-14T22:52:13.094453 #22501] DEBUG -- :   [1m[36mActiveRecord::SchemaMigration Load (0.2ms)[0m  [1mSELECT `schema_migrations`.* FROM `schema_migrations`[0m
I, [2015-07-14T22:52:13.105329 #22501]  INFO -- : Migrating to CreateActionController500Loggers (7)
E, [2015-07-14T22:52:13.110918 #22501] ERROR -- : Mysql2::Error: Table 'redmine_test.action_controller_500_loggers' doesn't exist: SHOW KEYS FROM `action_controller_500_loggers`
D, [2015-07-14T22:55:25.431831 #22671] DEBUG -- :   [1m[36mActiveRecord::SchemaMigration Load (0.3ms)[0m  [1mSELECT `schema_migrations`.* FROM `schema_migrations`[0m
D, [2015-07-14T22:55:25.454014 #22671] DEBUG -- :   [1m[35mActiveRecord::SchemaMigration Load (0.2ms)[0m  SELECT `schema_migrations`.* FROM `schema_migrations`
D, [2015-07-14T22:55:25.467883 #22671] DEBUG -- :   [1m[36mActiveRecord::SchemaMigration Load (0.2ms)[0m  [1mSELECT `schema_migrations`.* FROM `schema_migrations`[0m
I, [2015-07-14T22:55:25.478604 #22671]  INFO -- : Migrating to CreateActionController500Loggers (7)
D, [2015-07-14T22:55:25.480419 #22671] DEBUG -- :   [1m[35m (0.5ms)[0m  DROP TABLE `action_controller_500_loggers`
E, [2015-07-14T22:55:25.480533 #22671] ERROR -- : Mysql2::Error: Unknown table 'action_controller_500_loggers': DROP TABLE `action_controller_500_loggers`
D, [2015-07-14T22:55:31.191217 #22725] DEBUG -- :   [1m[36mActiveRecord::SchemaMigration Load (0.3ms)[0m  [1mSELECT `schema_migrations`.* FROM `schema_migrations`[0m
D, [2015-07-14T22:55:31.213640 #22725] DEBUG -- :   [1m[35mActiveRecord::SchemaMigration Load (0.2ms)[0m  SELECT `schema_migrations`.* FROM `schema_migrations`
D, [2015-07-14T22:55:31.227598 #22725] DEBUG -- :   [1m[36mActiveRecord::SchemaMigration Load (0.2ms)[0m  [1mSELECT `schema_migrations`.* FROM `schema_migrations`[0m
I, [2015-07-14T22:55:31.238355 #22725]  INFO -- : Migrating to CreateActionController500Loggers (7)
D, [2015-07-14T22:55:31.240223 #22725] DEBUG -- :   [1m[35m (0.6ms)[0m  DROP TABLE `action_controller_500_loggers`
E, [2015-07-14T22:55:31.240337 #22725] ERROR -- : Mysql2::Error: Unknown table 'action_controller_500_loggers': DROP TABLE `action_controller_500_loggers`
